<?xml version="1.0" encoding="UTF-8"?>
<testng-results ignored="0" total="6" passed="5" failed="1" skipped="0">
  <reporter-output>
  </reporter-output>
  <suite started-at="2025-05-19T12:54:51 IST" name="Regression suite" finished-at="2025-05-19T12:55:25 IST" duration-ms="33785">
    <groups>
    </groups>
    <test started-at="2025-05-19T12:54:51 IST" name="Test" finished-at="2025-05-19T12:55:25 IST" duration-ms="33785">
      <class name="RestAPITest.IVRTest">
        <test-method is-config="true" signature="setup()[pri:0, instance:RestAPITest.IVRTest@49a71302]" started-at="2025-05-19T12:54:51 IST" name="setup" finished-at="2025-05-19T12:54:59 IST" duration-ms="7856" status="PASS">
          <reporter-output>
          </reporter-output>
        </test-method> <!-- setup -->
        <test-method signature="testGetActiveRide()[pri:0, instance:RestAPITest.IVRTest@49a71302]" started-at="2025-05-19T12:54:59 IST" name="testGetActiveRide" finished-at="2025-05-19T12:55:02 IST" duration-ms="3312" status="PASS">
          <reporter-output>
          </reporter-output>
        </test-method> <!-- testGetActiveRide -->
        <test-method signature="testGetNextLeg()[pri:0, instance:RestAPITest.IVRTest@49a71302]" started-at="2025-05-19T12:55:03 IST" name="testGetNextLeg" finished-at="2025-05-19T12:55:09 IST" duration-ms="6918" status="PASS">
          <reporter-output>
          </reporter-output>
        </test-method> <!-- testGetNextLeg -->
        <test-method signature="testGetRequestRide()[pri:0, instance:RestAPITest.IVRTest@49a71302]" started-at="2025-05-19T12:55:09 IST" name="testGetRequestRide" finished-at="2025-05-19T12:55:13 IST" duration-ms="3250" status="FAIL">
          <exception class="java.lang.AssertionError">
            <message>
              <![CDATA[expected [200] but found [500]]]>
            </message>
            <full-stacktrace>
              <![CDATA[java.lang.AssertionError: expected [200] but found [500]
at org.testng.Assert.fail(Assert.java:111)
at org.testng.Assert.failNotEquals(Assert.java:1578)
at org.testng.Assert.assertEqualsImpl(Assert.java:150)
at org.testng.Assert.assertEquals(Assert.java:132)
at org.testng.Assert.assertEquals(Assert.java:1419)
at org.testng.Assert.assertEquals(Assert.java:1383)
at org.testng.Assert.assertEquals(Assert.java:1429)
at RestAPITest.IVRTest.testGetRequestRide(IVRTest.java:73)
at java.base/jdk.internal.reflect.DirectMethodHandleAccessor.invoke(DirectMethodHandleAccessor.java:103)
at java.base/java.lang.reflect.Method.invoke(Method.java:580)
at org.testng.internal.invokers.MethodInvocationHelper.invokeMethod(MethodInvocationHelper.java:141)
at org.testng.internal.invokers.TestInvoker.invokeMethod(TestInvoker.java:686)
at org.testng.internal.invokers.TestInvoker.invokeTestMethod(TestInvoker.java:230)
at org.testng.internal.invokers.MethodRunner.runInSequence(MethodRunner.java:63)
at org.testng.internal.invokers.TestInvoker$MethodInvocationAgent.invoke(TestInvoker.java:992)
at org.testng.internal.invokers.TestInvoker.invokeTestMethods(TestInvoker.java:203)
at org.testng.internal.invokers.TestMethodWorker.invokeTestMethods(TestMethodWorker.java:154)
at org.testng.internal.invokers.TestMethodWorker.run(TestMethodWorker.java:134)
at java.base/java.util.ArrayList.forEach(ArrayList.java:1597)
at org.testng.TestRunner.privateRun(TestRunner.java:739)
at org.testng.TestRunner.run(TestRunner.java:614)
at org.testng.SuiteRunner.runTest(SuiteRunner.java:421)
at org.testng.SuiteRunner.runSequentially(SuiteRunner.java:413)
at org.testng.SuiteRunner.privateRun(SuiteRunner.java:373)
at org.testng.SuiteRunner.run(SuiteRunner.java:312)
at org.testng.SuiteRunnerWorker.runSuite(SuiteRunnerWorker.java:52)
at org.testng.SuiteRunnerWorker.run(SuiteRunnerWorker.java:95)
at org.testng.TestNG.runSuitesSequentially(TestNG.java:1274)
at org.testng.TestNG.runSuitesLocally(TestNG.java:1208)
at org.testng.TestNG.runSuites(TestNG.java:1112)
at org.testng.TestNG.run(TestNG.java:1079)
at org.testng.remote.AbstractRemoteTestNG.run(AbstractRemoteTestNG.java:115)
at org.testng.remote.RemoteTestNG.initAndRun(RemoteTestNG.java:293)
at org.testng.remote.RemoteTestNG.main(RemoteTestNG.java:91)
]]>
            </full-stacktrace>
          </exception> <!-- java.lang.AssertionError -->
          <reporter-output>
          </reporter-output>
        </test-method> <!-- testGetRequestRide -->
        <test-method is-config="true" signature="tearDown()[pri:0, instance:RestAPITest.IVRTest@49a71302]" started-at="2025-05-19T12:55:13 IST" name="tearDown" finished-at="2025-05-19T12:55:13 IST" duration-ms="16" status="PASS">
          <reporter-output>
          </reporter-output>
        </test-method> <!-- tearDown -->
      </class> <!-- RestAPITest.IVRTest -->
      <class name="RestAPITest.BreauthoringTest">
        <test-method is-config="true" signature="setup()[pri:0, instance:RestAPITest.BreauthoringTest@7103ab0]" started-at="2025-05-19T12:55:13 IST" name="setup" finished-at="2025-05-19T12:55:13 IST" duration-ms="733" status="PASS">
          <reporter-output>
          </reporter-output>
        </test-method> <!-- setup -->
        <test-method signature="testDenialDetails()[pri:0, instance:RestAPITest.BreauthoringTest@7103ab0]" started-at="2025-05-19T12:55:13 IST" name="testDenialDetails" finished-at="2025-05-19T12:55:20 IST" duration-ms="6515" status="PASS">
          <reporter-output>
          </reporter-output>
        </test-method> <!-- testDenialDetails -->
        <test-method signature="testGetCancelreason()[pri:0, instance:RestAPITest.BreauthoringTest@7103ab0]" started-at="2025-05-19T12:55:20 IST" name="testGetCancelreason" finished-at="2025-05-19T12:55:23 IST" duration-ms="2660" status="PASS">
          <reporter-output>
          </reporter-output>
        </test-method> <!-- testGetCancelreason -->
        <test-method signature="testTransactionDetails()[pri:0, instance:RestAPITest.BreauthoringTest@7103ab0]" started-at="2025-05-19T12:55:23 IST" name="testTransactionDetails" finished-at="2025-05-19T12:55:25 IST" duration-ms="2308" status="PASS">
          <reporter-output>
          </reporter-output>
        </test-method> <!-- testTransactionDetails -->
        <test-method is-config="true" signature="tearDown()[pri:0, instance:RestAPITest.BreauthoringTest@7103ab0]" started-at="2025-05-19T12:55:25 IST" name="tearDown" finished-at="2025-05-19T12:55:25 IST" duration-ms="16" status="PASS">
          <reporter-output>
          </reporter-output>
        </test-method> <!-- tearDown -->
      </class> <!-- RestAPITest.BreauthoringTest -->
    </test> <!-- Test -->
  </suite> <!-- Regression suite -->
</testng-results>
